<?xml version="1.0" encoding="UTF-8"?>
<testsuites>
	<testsuite errors="0" skipped="0" tests="45" time="0.9" timestamp="2026-09-04T02:23:07">
		<testcase classname="/home/marek/Projects/nette-mercure/tests/Unit/Bridge/Latte/MercureExtensionTest.php method=testExtensionFunctions" name="/home/marek/Projects/nette-mercure/tests/Unit/Bridge/Latte/MercureExtensionTest.php method=testExtensionFunctions"/>
		<testcase classname="/home/marek/Projects/nette-mercure/tests/Unit/Bridge/Latte/MercureExtensionTest.php method=testExtensionFunctionsV1ProtocolVersion" name="/home/marek/Projects/nette-mercure/tests/Unit/Bridge/Latte/MercureExtensionTest.php method=testExtensionFunctionsV1ProtocolVersion"/>
		<testcase classname="/home/marek/Projects/nette-mercure/tests/Integration/Bridge/DI/MercureExtensionTest.php method=testPlainSimpleCompilation" name="/home/marek/Projects/nette-mercure/tests/Integration/Bridge/DI/MercureExtensionTest.php method=testPlainSimpleCompilation"/>
		<testcase classname="/home/marek/Projects/nette-mercure/tests/Unit/Bridge/Tracy/Model/HubDataTest.php method=testRelevantData" name="/home/marek/Projects/nette-mercure/tests/Unit/Bridge/Tracy/Model/HubDataTest.php method=testRelevantData"/>
		<testcase classname="/home/marek/Projects/nette-mercure/tests/Unit/Bridge/Tracy/Model/HubDataTest.php method=testMinimalistOptions" name="/home/marek/Projects/nette-mercure/tests/Unit/Bridge/Tracy/Model/HubDataTest.php method=testMinimalistOptions"/>
		<testcase classname="/home/marek/Projects/nette-mercure/tests/Integration/Bridge/DI/MercureExtensionTest.php method=testSimulatedFrankenPhpCompilation" name="/home/marek/Projects/nette-mercure/tests/Integration/Bridge/DI/MercureExtensionTest.php method=testSimulatedFrankenPhpCompilation"/>
		<testcase classname="/home/marek/Projects/nette-mercure/tests/Integration/Bridge/DI/MercureExtensionTest.php method=testBasicCompilation" name="/home/marek/Projects/nette-mercure/tests/Integration/Bridge/DI/MercureExtensionTest.php method=testBasicCompilation"/>
		<testcase classname="/home/marek/Projects/nette-mercure/tests/Integration/Bridge/DI/MercureExtensionTest.php method=testCompilationWithCustomJwtImplementation" name="/home/marek/Projects/nette-mercure/tests/Integration/Bridge/DI/MercureExtensionTest.php method=testCompilationWithCustomJwtImplementation"/>
		<testcase classname="/home/marek/Projects/nette-mercure/tests/Unit/Bridge/Tracy/MercurePanelTest.php method=testPanelComponents" name="/home/marek/Projects/nette-mercure/tests/Unit/Bridge/Tracy/MercurePanelTest.php method=testPanelComponents"/>
		<testcase classname="/home/marek/Projects/nette-mercure/tests/Integration/Bridge/DI/MercureExtensionTest.php method=testMultiCompilationWithDebug" name="/home/marek/Projects/nette-mercure/tests/Integration/Bridge/DI/MercureExtensionTest.php method=testMultiCompilationWithDebug"/>
		<testcase classname="/home/marek/Projects/nette-mercure/tests/Unit/Core/Publish/Latte/TemplatePathResolverTest.php method=testConfigured" name="/home/marek/Projects/nette-mercure/tests/Unit/Core/Publish/Latte/TemplatePathResolverTest.php method=testConfigured"/>
		<testcase classname="/home/marek/Projects/nette-mercure/tests/Unit/Bridge/Utils/BroadcastersLoaderTest.php method=testLoad" name="/home/marek/Projects/nette-mercure/tests/Unit/Bridge/Utils/BroadcastersLoaderTest.php method=testLoad"/>
		<testcase classname="/home/marek/Projects/nette-mercure/tests/Unit/Core/Publish/Latte/TemplatePathResolverTest.php method=testResolution" name="/home/marek/Projects/nette-mercure/tests/Unit/Core/Publish/Latte/TemplatePathResolverTest.php method=testResolution"/>
		<testcase classname="/home/marek/Projects/nette-mercure/tests/Unit/Core/Publish/Tracy/Value/BroadcastDataTest.php method=testMinimalistOptions" name="/home/marek/Projects/nette-mercure/tests/Unit/Core/Publish/Tracy/Value/BroadcastDataTest.php method=testMinimalistOptions"/>
		<testcase classname="/home/marek/Projects/nette-mercure/tests/Unit/Core/Publish/Tracy/Value/BroadcastDataTest.php method=testOptionsCleanup" name="/home/marek/Projects/nette-mercure/tests/Unit/Core/Publish/Tracy/Value/BroadcastDataTest.php method=testOptionsCleanup"/>
		<testcase classname="/home/marek/Projects/nette-mercure/tests/Unit/Core/Publish/Latte/TemplatingBroadcasterTest.php method=testException" name="/home/marek/Projects/nette-mercure/tests/Unit/Core/Publish/Latte/TemplatingBroadcasterTest.php method=testException"/>
		<testcase classname="/home/marek/Projects/nette-mercure/tests/Unit/Core/Publish/Latte/TemplatingBroadcasterTest.php method=testJsonBroadcast" name="/home/marek/Projects/nette-mercure/tests/Unit/Core/Publish/Latte/TemplatingBroadcasterTest.php method=testJsonBroadcast"/>
		<testcase classname="/home/marek/Projects/nette-mercure/tests/Unit/Core/Publish/Latte/TemplatingBroadcasterTest.php method=testMinimalisticBroadcast" name="/home/marek/Projects/nette-mercure/tests/Unit/Core/Publish/Latte/TemplatingBroadcasterTest.php method=testMinimalisticBroadcast"/>
		<testcase classname="/home/marek/Projects/nette-mercure/tests/Unit/Core/Publish/Tracy/MetricsTest.php method=testMinimalistOptions" name="/home/marek/Projects/nette-mercure/tests/Unit/Core/Publish/Tracy/MetricsTest.php method=testMinimalistOptions"/>
		<testcase classname="/home/marek/Projects/nette-mercure/tests/Unit/Core/Publish/Latte/TemplatingBroadcasterTest.php method=testStreamBroadcast" name="/home/marek/Projects/nette-mercure/tests/Unit/Core/Publish/Latte/TemplatingBroadcasterTest.php method=testStreamBroadcast"/>
		<testcase classname="/home/marek/Projects/nette-mercure/tests/Unit/Core/Publish/Tracy/TraceableBroadcasterTest.php method=testBroadcastTracing" name="/home/marek/Projects/nette-mercure/tests/Unit/Core/Publish/Tracy/TraceableBroadcasterTest.php method=testBroadcastTracing"/>
		<testcase classname="/home/marek/Projects/nette-mercure/tests/Unit/Core/Publish/BroadcastersTest.php method=testMinimalisticBroadcast" name="/home/marek/Projects/nette-mercure/tests/Unit/Core/Publish/BroadcastersTest.php method=testMinimalisticBroadcast"/>
		<testcase classname="/home/marek/Projects/nette-mercure/tests/Unit/Core/Publish/BroadcastersTest.php method=testEmptyBroadcasters" name="/home/marek/Projects/nette-mercure/tests/Unit/Core/Publish/BroadcastersTest.php method=testEmptyBroadcasters"/>
		<testcase classname="/home/marek/Projects/nette-mercure/tests/Unit/Core/Publish/BroadcastersTest.php method=testNotExistentHub" name="/home/marek/Projects/nette-mercure/tests/Unit/Core/Publish/BroadcastersTest.php method=testNotExistentHub"/>
		<testcase classname="/home/marek/Projects/nette-mercure/tests/Unit/Core/Publish/BroadcastersTest.php method=testBroadcastToAll" name="/home/marek/Projects/nette-mercure/tests/Unit/Core/Publish/BroadcastersTest.php method=testBroadcastToAll"/>
		<testcase classname="/home/marek/Projects/nette-mercure/tests/Unit/Core/Publish/BroadcastersTest.php method=testMovingHubsBroadcast" name="/home/marek/Projects/nette-mercure/tests/Unit/Core/Publish/BroadcastersTest.php method=testMovingHubsBroadcast"/>
		<testcase classname="/home/marek/Projects/nette-mercure/tests/Unit/Core/Publish/PlainBroadcasterTest.php method=testMinimalisticBroadcast" name="/home/marek/Projects/nette-mercure/tests/Unit/Core/Publish/PlainBroadcasterTest.php method=testMinimalisticBroadcast"/>
		<testcase classname="/home/marek/Projects/nette-mercure/tests/Unit/Core/Subscribe/AuthorizationTest.php method=testMinimalisticAuthorizationCookie" name="/home/marek/Projects/nette-mercure/tests/Unit/Core/Subscribe/AuthorizationTest.php method=testMinimalisticAuthorizationCookie"/>
		<testcase classname="/home/marek/Projects/nette-mercure/tests/Unit/Core/Publish/PlainBroadcasterTest.php method=testJsonBroadcast" name="/home/marek/Projects/nette-mercure/tests/Unit/Core/Publish/PlainBroadcasterTest.php method=testJsonBroadcast"/>
		<testcase classname="/home/marek/Projects/nette-mercure/tests/Unit/Core/Subscribe/AuthorizationTest.php method=testAuthorizationCookieFromRequest" name="/home/marek/Projects/nette-mercure/tests/Unit/Core/Subscribe/AuthorizationTest.php method=testAuthorizationCookieFromRequest"/>
		<testcase classname="/home/marek/Projects/nette-mercure/tests/Unit/Core/Subscribe/AuthorizationTest.php method=testNoAuthorizationCookieFromRequestOnRelativeHub" name="/home/marek/Projects/nette-mercure/tests/Unit/Core/Subscribe/AuthorizationTest.php method=testNoAuthorizationCookieFromRequestOnRelativeHub"/>
		<testcase classname="/home/marek/Projects/nette-mercure/tests/Unit/Core/Subscribe/AuthorizationTest.php method=testCookieFromSubdomain" name="/home/marek/Projects/nette-mercure/tests/Unit/Core/Subscribe/AuthorizationTest.php method=testCookieFromSubdomain"/>
		<testcase classname="/home/marek/Projects/nette-mercure/tests/Unit/Core/Subscribe/AuthorizationTest.php method=testAuthorizationCookieFromRequestOnRelativeHub" name="/home/marek/Projects/nette-mercure/tests/Unit/Core/Subscribe/AuthorizationTest.php method=testAuthorizationCookieFromRequestOnRelativeHub"/>
		<testcase classname="/home/marek/Projects/nette-mercure/tests/Unit/Core/Subscribe/AuthorizationTest.php method=testAlternativeValuesOnRelativeHub" name="/home/marek/Projects/nette-mercure/tests/Unit/Core/Subscribe/AuthorizationTest.php method=testAlternativeValuesOnRelativeHub"/>
		<testcase classname="/home/marek/Projects/nette-mercure/tests/Unit/Core/Subscribe/AuthorizationTest.php method=testCookieFromSameMainDomain" name="/home/marek/Projects/nette-mercure/tests/Unit/Core/Subscribe/AuthorizationTest.php method=testCookieFromSameMainDomain"/>
		<testcase classname="/home/marek/Projects/nette-mercure/tests/Unit/Core/Subscribe/AuthorizationTest.php method=testCreationExceptionCookie" name="/home/marek/Projects/nette-mercure/tests/Unit/Core/Subscribe/AuthorizationTest.php method=testCreationExceptionCookie"/>
		<testcase classname="/home/marek/Projects/nette-mercure/tests/Unit/Core/Subscribe/JWTProviderTest.php method=testMinimalisticProvision" name="/home/marek/Projects/nette-mercure/tests/Unit/Core/Subscribe/JWTProviderTest.php method=testMinimalisticProvision"/>
		<testcase classname="/home/marek/Projects/nette-mercure/tests/Unit/Core/Subscribe/JWTProviderTest.php method=testCustomCookieLifetime" name="/home/marek/Projects/nette-mercure/tests/Unit/Core/Subscribe/JWTProviderTest.php method=testCustomCookieLifetime"/>
		<testcase classname="/home/marek/Projects/nette-mercure/tests/Unit/Core/Subscribe/JWTProviderTest.php method=testMissingJWTFactoryException" name="/home/marek/Projects/nette-mercure/tests/Unit/Core/Subscribe/JWTProviderTest.php method=testMissingJWTFactoryException"/>
		<testcase classname="/home/marek/Projects/nette-mercure/tests/Unit/Core/Subscribe/JWTProviderTest.php method=testMultipleProvisions" name="/home/marek/Projects/nette-mercure/tests/Unit/Core/Subscribe/JWTProviderTest.php method=testMultipleProvisions"/>
		<testcase classname="/home/marek/Projects/nette-mercure/tests/Unit/Core/Subscribe/SubscriberTest.php method=testDefaults" name="/home/marek/Projects/nette-mercure/tests/Unit/Core/Subscribe/SubscriberTest.php method=testDefaults"/>
		<testcase classname="/home/marek/Projects/nette-mercure/tests/Unit/Core/DiscoveryTest.php method=testNoLinkAddition" name="/home/marek/Projects/nette-mercure/tests/Unit/Core/DiscoveryTest.php method=testNoLinkAddition"/>
		<testcase classname="/home/marek/Projects/nette-mercure/tests/Unit/Core/DiscoveryTest.php method=testMinimalisticBroadcast" name="/home/marek/Projects/nette-mercure/tests/Unit/Core/DiscoveryTest.php method=testMinimalisticBroadcast"/>
		<testcase classname="/home/marek/Projects/nette-mercure/tests/Unit/Core/DiscoveryTest.php method=testDiscoverySetFromRequest" name="/home/marek/Projects/nette-mercure/tests/Unit/Core/DiscoveryTest.php method=testDiscoverySetFromRequest"/>
		<testcase classname="/home/marek/Projects/nette-mercure/tests/Functional/SmokeTest.php method=testSubscribePublish" name="/home/marek/Projects/nette-mercure/tests/Functional/SmokeTest.php method=testSubscribePublish"/>
	</testsuite>
</testsuites>
